{
  "RSpec": {
    "coverage": {
      "/app/app/helpers/application_helper.rb": {
        "lines": [
          1,
          1,
          0,
          0,
          0,
          0,
          null,
          0,
          null,
          null,
          null
        ]
      },
      "/app/app/helpers/projects_helper.rb": {
        "lines": [
          1,
          null
        ]
      },
      "/app/app/helpers/tasks_helper.rb": {
        "lines": [
          1,
          null
        ]
      },
      "/app/app/controllers/projects_controller.rb": {
        "lines": [
          1,
          1,
          null,
          null,
          1,
          2,
          null,
          null,
          null,
          1,
          null,
          null,
          null,
          1,
          2,
          null,
          null,
          null,
          1,
          null,
          null,
          null,
          1,
          2,
          null,
          2,
          2,
          4,
          2,
          null,
          0,
          0,
          null,
          null,
          null,
          null,
          null,
          1,
          5,
          null,
          5,
          5,
          4,
          2,
          null,
          6,
          3,
          null,
          null,
          null,
          null,
          null,
          1,
          2,
          null,
          2,
          4,
          2,
          null,
          null,
          null,
          1,
          null,
          1,
          11,
          null,
          null,
          null,
          1,
          7,
          null,
          null,
          1,
          9,
          null,
          null
        ]
      },
      "/app/app/controllers/application_controller.rb": {
        "lines": [
          1,
          null
        ]
      },
      "/app/app/controllers/tasks_controller.rb": {
        "lines": [
          1,
          1,
          1,
          null,
          null,
          1,
          2,
          null,
          null,
          null,
          1,
          null,
          null,
          null,
          1,
          2,
          null,
          null,
          null,
          1,
          null,
          null,
          null,
          1,
          5,
          null,
          5,
          5,
          4,
          2,
          null,
          6,
          3,
          null,
          null,
          null,
          null,
          null,
          1,
          5,
          null,
          5,
          5,
          4,
          2,
          null,
          6,
          3,
          null,
          null,
          null,
          null,
          null,
          1,
          1,
          null,
          1,
          2,
          1,
          null,
          null,
          null,
          1,
          null,
          0,
          null,
          0,
          0,
          0,
          null,
          null,
          0,
          0,
          0,
          0,
          null,
          null,
          null,
          null,
          null,
          1,
          null,
          1,
          10,
          null,
          null,
          null,
          1,
          10,
          null,
          null,
          1,
          19,
          null,
          null,
          1,
          11,
          null,
          null,
          1,
          0,
          null,
          null
        ]
      },
      "/app/app/services/project_service.rb": {
        "lines": [
          1,
          null,
          1,
          3,
          3,
          null,
          3,
          null,
          null,
          1,
          6,
          6,
          null,
          6,
          null,
          null,
          1,
          3,
          3,
          null,
          null,
          1,
          11,
          null,
          null,
          null,
          1,
          15,
          null,
          15,
          null,
          11,
          null,
          null,
          1,
          null,
          1,
          20,
          null,
          null,
          1,
          9,
          6,
          6,
          null,
          null,
          null
        ]
      },
      "/app/app/services/application_service.rb": {
        "lines": [
          1,
          null,
          null
        ]
      },
      "/app/app/models/project.rb": {
        "lines": [
          1,
          1,
          null,
          1,
          null,
          1,
          0,
          null,
          null
        ]
      },
      "/app/app/models/application_record.rb": {
        "lines": [
          1,
          1,
          null
        ]
      },
      "/app/app/models/task.rb": {
        "lines": [
          1,
          1,
          null,
          1,
          1,
          1,
          1,
          null,
          1,
          3,
          null,
          null,
          1,
          3,
          null,
          2,
          null,
          1,
          null,
          null,
          1,
          null,
          1,
          55,
          1,
          null,
          null,
          null
        ]
      },
      "/app/app/services/task_service.rb": {
        "lines": [
          1,
          null,
          1,
          6,
          6,
          null,
          6,
          null,
          null,
          1,
          6,
          6,
          null,
          6,
          null,
          null,
          1,
          2,
          2,
          2,
          null,
          null,
          1,
          4,
          null,
          4,
          null,
          3,
          3,
          3,
          null,
          null,
          1,
          null,
          1,
          12,
          null,
          null,
          1,
          3,
          3,
          null,
          null,
          1,
          11,
          null,
          null,
          1,
          12,
          6,
          6,
          6,
          null,
          null,
          null
        ]
      },
      "/app/app/channels/application_cable/channel.rb": {
        "lines": [
          0,
          0,
          0,
          0
        ],
        "branches": {
        }
      },
      "/app/app/channels/application_cable/connection.rb": {
        "lines": [
          0,
          0,
          0,
          0
        ],
        "branches": {
        }
      },
      "/app/app/jobs/application_job.rb": {
        "lines": [
          0,
          null,
          null,
          null,
          null,
          null,
          0
        ],
        "branches": {
        }
      },
      "/app/app/mailers/application_mailer.rb": {
        "lines": [
          0,
          0,
          0,
          0
        ],
        "branches": {
        }
      }
    },
    "timestamp": 1649785891
  }
}
